----------------------------------------------------------------------------------------------------
01/15 05:00:06.300 12380[  INFO  ] Perceptive Content info:  [Running from Workflow queue 'FA Fax Start'] Version: 7.2.3.439, Database: Oracle, Department Context: Default 
01/15 05:00:06.348 12380[  DEBUG ] reindexDocument: Reindex Mode: APPEND
01/15 05:00:06.400 12380[  INFO  ] reindexDocument: Moving [-INDocument-Faxes/321Z41G_00RCWK36Q0000GG-Faxes/01-15-2020 04:59:34/3012164142//-Default-V:0-321Z41G_00RCWK36Q0000GG-]
01/15 05:00:06.401 12380[  INFO  ] reindexDocument:     To [-INKeys-FinAid-Faxes/01-15-2020 04:59:34/2019/3012164142/-Default-]
01/15 05:00:06.401 12380[  DEBUG ] reindexDocument: Moving [5] pages
01/15 05:00:06.402 12380[  INFO  ] reindexDocument: Using source document custom properties
01/15 05:00:06.425 12380[  DEBUG ] reindexDocument: Custom Properties:
01/15 05:00:06.594 12380[  DEBUG ] reindexDocument: Total pages in final document [5]
01/15 05:00:07.309 12380[  INFO  ] 
01/15 05:00:07.309 12380[  INFO  ] Log Error Counts:
01/15 05:00:07.310 12380[  INFO  ]   CRITICAL: 0
01/15 05:00:07.310 12380[  INFO  ]      ERROR: 0
01/15 05:00:07.310 12380[  INFO  ] 
01/15 05:00:07.311 12380[  INFO  ] Script run time:  1s
____________________________________________________________________________________________________
----------------------------------------------------------------------------------------------------
01/15 07:20:10.281 12380[  INFO  ] Perceptive Content info:  [Running from Workflow queue 'FA Fax Start'] Version: 7.2.3.439, Database: Oracle, Department Context: Default 
01/15 07:20:10.323 12380[  DEBUG ] reindexDocument: Reindex Mode: APPEND
01/15 07:20:19.034 12380[  INFO  ] reindexDocument: Moving [-INDocument-Faxes/321Z41G_00RCW636Q0000Q7-Faxes/01-15-2020 07:19:10/410 612 1462//-Default-V:0-321Z41G_00RCW636Q0000Q7-]
01/15 07:20:19.035 12380[  INFO  ] reindexDocument:     To [-INKeys-FinAid-Faxes/01-15-2020 07:19:10/2019/410 612 1462/-Default-]
01/15 07:20:19.035 12380[  DEBUG ] reindexDocument: Moving [2] pages
01/15 07:20:19.035 12380[  INFO  ] reindexDocument: Using source document custom properties
01/15 07:20:19.054 12380[  DEBUG ] reindexDocument: Custom Properties:
01/15 07:20:19.164 12380[  DEBUG ] reindexDocument: Total pages in final document [2]
01/15 07:20:19.971 12380[  INFO  ] 
01/15 07:20:19.971 12380[  INFO  ] Log Error Counts:
01/15 07:20:19.971 12380[  INFO  ]   CRITICAL: 0
01/15 07:20:19.971 12380[  INFO  ]      ERROR: 0
01/15 07:20:19.972 12380[  INFO  ] 
01/15 07:20:19.972 12380[  INFO  ] Script run time:  9s
____________________________________________________________________________________________________
----------------------------------------------------------------------------------------------------
01/15 08:41:18.596 10328[  INFO  ] Perceptive Content info:  [Running from Workflow queue 'FA Fax Start'] Version: 7.2.3.439, Database: Oracle, Department Context: Default 
01/15 08:41:18.642 10328[  DEBUG ] reindexDocument: Reindex Mode: APPEND
01/15 08:41:18.658 10328[  INFO  ] reindexDocument: Moving [-INDocument-Faxes/321Z41G_00RCW636Q00018E-Faxes/01-15-2020 08:40:40/866-996-2193//-Default-V:0-321Z41G_00RCW636Q00018E-]
01/15 08:41:18.659 10328[  INFO  ] reindexDocument:     To [-INKeys-FinAid-Faxes/01-15-2020 08:40:40/2019/866-996-2193/-Default-]
01/15 08:41:18.659 10328[  DEBUG ] reindexDocument: Moving [1] pages
01/15 08:41:18.659 10328[  INFO  ] reindexDocument: Using source document custom properties
01/15 08:41:18.681 10328[  DEBUG ] reindexDocument: Custom Properties:
01/15 08:41:18.781 10328[  DEBUG ] reindexDocument: Total pages in final document [1]
01/15 08:41:19.526 10328[  INFO  ] 
01/15 08:41:19.526 10328[  INFO  ] Log Error Counts:
01/15 08:41:19.526 10328[  INFO  ]   CRITICAL: 0
01/15 08:41:19.527 10328[  INFO  ]      ERROR: 0
01/15 08:41:19.527 10328[  INFO  ] 
01/15 08:41:19.527 10328[  INFO  ] Script run time:  1s
____________________________________________________________________________________________________
----------------------------------------------------------------------------------------------------
01/15 08:50:16.895 12380[  INFO  ] Perceptive Content info:  [Running from Workflow queue 'FA Fax Start'] Version: 7.2.3.439, Database: Oracle, Department Context: Default 
01/15 08:50:16.945 12380[  DEBUG ] reindexDocument: Reindex Mode: APPEND
01/15 08:50:16.963 12380[  INFO  ] reindexDocument: Moving [-INDocument-Faxes/321Z41G_00RCWS36Q0000KC-Faxes/01-15-2020 08:49:21/410 828 5086//-Default-V:0-321Z41G_00RCWS36Q0000KC-]
01/15 08:50:16.963 12380[  INFO  ] reindexDocument:     To [-INKeys-FinAid-Faxes/01-15-2020 08:49:21/2019/410 828 5086/-Default-]
01/15 08:50:16.963 12380[  DEBUG ] reindexDocument: Moving [5] pages
01/15 08:50:16.963 12380[  INFO  ] reindexDocument: Using source document custom properties
01/15 08:50:16.985 12380[  DEBUG ] reindexDocument: Custom Properties:
01/15 08:50:17.121 12380[  DEBUG ] reindexDocument: Total pages in final document [5]
01/15 08:50:17.839 12380[  INFO  ] 
01/15 08:50:17.839 12380[  INFO  ] Log Error Counts:
01/15 08:50:17.839 12380[  INFO  ]   CRITICAL: 0
01/15 08:50:17.839 12380[  INFO  ]      ERROR: 0
01/15 08:50:17.840 12380[  INFO  ] 
01/15 08:50:17.840 12380[  INFO  ] Script run time:  1s
____________________________________________________________________________________________________
----------------------------------------------------------------------------------------------------
01/15 09:40:40.615 7612[  INFO  ] Perceptive Content info:  [Running from Workflow queue 'FA Fax Start'] Version: 7.2.3.439, Database: Oracle, Department Context: Default 
01/15 09:40:40.656 7612[  DEBUG ] reindexDocument: Reindex Mode: APPEND
01/15 09:40:40.670 7612[  INFO  ] reindexDocument: Moving [-INDocument-Faxes/321Z41G_00RCWT36Q0000Y0-Faxes/01-15-2020 09:39:29/FaxZero.com//-Default-V:0-321Z41G_00RCWT36Q0000Y0-]
01/15 09:40:40.671 7612[  INFO  ] reindexDocument:     To [-INKeys-FinAid-Faxes/01-15-2020 09:39:29/2019/FaxZero.com/-Default-]
01/15 09:40:40.671 7612[  DEBUG ] reindexDocument: Moving [2] pages
01/15 09:40:40.671 7612[  INFO  ] reindexDocument: Using source document custom properties
01/15 09:40:40.689 7612[  DEBUG ] reindexDocument: Custom Properties:
01/15 09:40:40.775 7612[  DEBUG ] reindexDocument: Total pages in final document [2]
01/15 09:40:41.762 7612[  INFO  ] 
01/15 09:40:41.763 7612[  INFO  ] Log Error Counts:
01/15 09:40:41.763 7612[  INFO  ]   CRITICAL: 0
01/15 09:40:41.763 7612[  INFO  ]      ERROR: 0
01/15 09:40:41.763 7612[  INFO  ] 
01/15 09:40:41.764 7612[  INFO  ] Script run time:  1s
____________________________________________________________________________________________________
----------------------------------------------------------------------------------------------------
01/15 11:43:39.708 13308[  INFO  ] Perceptive Content info:  [Running from Workflow queue 'FA Fax Start'] Version: 7.2.3.439, Database: Oracle, Department Context: Default 
01/15 11:43:39.751 13308[  DEBUG ] reindexDocument: Reindex Mode: APPEND
01/15 11:43:39.767 13308[  INFO  ] reindexDocument: Moving [-INDocument-Faxes/321Z41G_00RCWL36Q000B39-Faxes/01-15-2020 11:43:04/973 690 2727//-Default-V:0-321Z41G_00RCWL36Q000B39-]
01/15 11:43:39.767 13308[  INFO  ] reindexDocument:     To [-INKeys-FinAid-Faxes/01-15-2020 11:43:04/2019/973 690 2727/-Default-]
01/15 11:43:39.767 13308[  DEBUG ] reindexDocument: Moving [1] pages
01/15 11:43:39.767 13308[  INFO  ] reindexDocument: Using source document custom properties
01/15 11:43:39.789 13308[  DEBUG ] reindexDocument: Custom Properties:
01/15 11:43:39.886 13308[  DEBUG ] reindexDocument: Total pages in final document [1]
01/15 11:43:40.622 13308[  INFO  ] 
01/15 11:43:40.623 13308[  INFO  ] Log Error Counts:
01/15 11:43:40.623 13308[  INFO  ]   CRITICAL: 0
01/15 11:43:40.623 13308[  INFO  ]      ERROR: 0
01/15 11:43:40.623 13308[  INFO  ] 
01/15 11:43:40.623 13308[  INFO  ] Script run time:  1s
____________________________________________________________________________________________________
----------------------------------------------------------------------------------------------------
01/15 11:45:33.413 10328[  INFO  ] Perceptive Content info:  [Running from Workflow queue 'FA Fax Start'] Version: 7.2.3.439, Database: Oracle, Department Context: Default 
01/15 11:45:33.464 10328[  DEBUG ] reindexDocument: Reindex Mode: APPEND
01/15 11:45:33.480 10328[  INFO  ] reindexDocument: Moving [-INDocument-Faxes/321Z41G_00RCWD36Q0002DK-Faxes/01-15-2020 11:44:24/973 690 2727//-Default-V:0-321Z41G_00RCWD36Q0002DK-]
01/15 11:45:33.480 10328[  INFO  ] reindexDocument:     To [-INKeys-FinAid-Faxes/01-15-2020 11:44:24/2019/973 690 2727/-Default-]
01/15 11:45:33.480 10328[  DEBUG ] reindexDocument: Moving [1] pages
01/15 11:45:33.481 10328[  INFO  ] reindexDocument: Using source document custom properties
01/15 11:45:33.501 10328[  DEBUG ] reindexDocument: Custom Properties:
01/15 11:45:33.622 10328[  DEBUG ] reindexDocument: Total pages in final document [1]
01/15 11:45:34.300 10328[  INFO  ] 
01/15 11:45:34.300 10328[  INFO  ] Log Error Counts:
01/15 11:45:34.300 10328[  INFO  ]   CRITICAL: 0
01/15 11:45:34.301 10328[  INFO  ]      ERROR: 0
01/15 11:45:34.301 10328[  INFO  ] 
01/15 11:45:34.301 10328[  INFO  ] Script run time:  1s
____________________________________________________________________________________________________
----------------------------------------------------------------------------------------------------
01/15 11:47:26.805 12380[  INFO  ] Perceptive Content info:  [Running from Workflow queue 'FA Fax Start'] Version: 7.2.3.439, Database: Oracle, Department Context: Default 
01/15 11:47:26.863 12380[  DEBUG ] reindexDocument: Reindex Mode: APPEND
01/15 11:47:26.885 12380[  INFO  ] reindexDocument: Moving [-INDocument-Faxes/321Z41G_00RCWH36Q000B59-Faxes/01-15-2020 11:46:25/973 690 2727//-Default-V:0-321Z41G_00RCWH36Q000B59-]
01/15 11:47:26.886 12380[  INFO  ] reindexDocument:     To [-INKeys-FinAid-Faxes/01-15-2020 11:46:25/2019/973 690 2727/-Default-]
01/15 11:47:26.886 12380[  DEBUG ] reindexDocument: Moving [1] pages
01/15 11:47:26.886 12380[  INFO  ] reindexDocument: Using source document custom properties
01/15 11:47:26.915 12380[  DEBUG ] reindexDocument: Custom Properties:
01/15 11:47:27.069 12380[  DEBUG ] reindexDocument: Total pages in final document [1]
01/15 11:47:27.809 12380[  INFO  ] 
01/15 11:47:27.809 12380[  INFO  ] Log Error Counts:
01/15 11:47:27.809 12380[  INFO  ]   CRITICAL: 0
01/15 11:47:27.809 12380[  INFO  ]      ERROR: 0
01/15 11:47:27.810 12380[  INFO  ] 
01/15 11:47:27.810 12380[  INFO  ] Script run time:  1s
____________________________________________________________________________________________________
----------------------------------------------------------------------------------------------------
01/15 12:19:15.884 12380[  INFO  ] Perceptive Content info:  [Running from Workflow queue 'FA Fax Start'] Version: 7.2.3.439, Database: Oracle, Department Context: Default 
01/15 12:19:15.929 12380[  DEBUG ] reindexDocument: Reindex Mode: APPEND
01/15 12:19:15.943 12380[  INFO  ] reindexDocument: Moving [-INDocument-Faxes/321Z41G_00RD3Z7480000CB-Faxes/01-15-2020 12:19:08/443 843 8023//-Default-V:0-321Z41G_00RD3Z7480000CB-]
01/15 12:19:15.944 12380[  INFO  ] reindexDocument:     To [-INKeys-FinAid-Faxes/01-15-2020 12:19:08/2019/443 843 8023/-Default-]
01/15 12:19:15.944 12380[  DEBUG ] reindexDocument: Moving [10] pages
01/15 12:19:15.944 12380[  INFO  ] reindexDocument: Using source document custom properties
01/15 12:19:15.965 12380[  DEBUG ] reindexDocument: Custom Properties:
01/15 12:19:16.056 12380[  DEBUG ] reindexDocument: Total pages in final document [10]
01/15 12:19:16.783 12380[  INFO  ] 
01/15 12:19:16.783 12380[  INFO  ] Log Error Counts:
01/15 12:19:16.783 12380[  INFO  ]   CRITICAL: 0
01/15 12:19:16.783 12380[  INFO  ]      ERROR: 0
01/15 12:19:16.784 12380[  INFO  ] 
01/15 12:19:16.784 12380[  INFO  ] Script run time:  1s
____________________________________________________________________________________________________
